<?xml version="1.0" encoding="UTF-8"?>
<testng-results skipped="0" failed="0" total="1" passed="1">
  <reporter-output>
  </reporter-output>
  <suite name="Default suite" duration-ms="132277" started-at="2015-05-18T17:31:14Z" finished-at="2015-05-18T17:33:26Z">
    <groups>
    </groups>
    <test name="Default test" duration-ms="132277" started-at="2015-05-18T17:31:14Z" finished-at="2015-05-18T17:33:26Z">
      <class name="Progs.links">
        <test-method status="PASS" signature="init()[pri:0, instance:Progs.links@6359877c]" name="init" is-config="true" duration-ms="5164" started-at="2015-05-18T23:01:14Z" finished-at="2015-05-18T23:01:19Z">
          <reporter-output>
          </reporter-output>
        </test-method> <!-- init -->
        <test-method status="PASS" signature="getLinksStatus(java.lang.String)[pri:0, instance:Progs.links@6359877c]" name="getLinksStatus" duration-ms="126798" started-at="2015-05-18T23:01:19Z" data-provider="ipURLs" finished-at="2015-05-18T23:03:26Z">
          <params>
            <param index="0">
              <value>
                <![CDATA[https://www.proptiger.com]]>
              </value>
            </param>
          </params>
          <reporter-output>
          </reporter-output>
        </test-method> <!-- getLinksStatus -->
        <test-method status="PASS" signature="closeBrowser()[pri:0, instance:Progs.links@6359877c]" name="closeBrowser" is-config="true" duration-ms="163" started-at="2015-05-18T23:03:26Z" finished-at="2015-05-18T23:03:26Z">
          <reporter-output>
          </reporter-output>
        </test-method> <!-- closeBrowser -->
      </class> <!-- Progs.links -->
    </test> <!-- Default test -->
  </suite> <!-- Default suite -->
</testng-results>
