<?xml version="1.0" encoding="UTF-8"?>
<testng-results skipped="0" failed="0" total="1" passed="1">
  <reporter-output>
  </reporter-output>
  <suite name="Default suite" duration-ms="64272" started-at="2015-03-12T20:58:46Z" finished-at="2015-03-12T20:59:51Z">
    <groups>
    </groups>
    <test name="Default test" duration-ms="64272" started-at="2015-03-12T20:58:46Z" finished-at="2015-03-12T20:59:51Z">
      <class name="Progs.Performance">
        <test-method status="PASS" signature="checkPerformance()[pri:0, instance:Progs.Performance@117bcd8f]" name="checkPerformance" duration-ms="64260" started-at="2015-03-13T02:28:46Z" finished-at="2015-03-13T02:29:51Z">
          <reporter-output>
          </reporter-output>
        </test-method> <!-- checkPerformance -->
      </class> <!-- Progs.Performance -->
    </test> <!-- Default test -->
  </suite> <!-- Default suite -->
</testng-results>
